[I 2026-07-27 19:49:13,780] A new study created in RDB with name: sep-spike-gate-optimisation
[I 2026-07-27 19:49:28,663] Trial 0 finished with value: 36.013895931615 and parameters: {'detect_thresh': 3.7676739251080824, 'minarea': 2, 'deblend_nthresh': 21, 'deblend_cont': 0.04486396470528217, 'back_size': 24, 'filter_size': 9, 'dilation_radius': 4, 'max_area': 2583, 'max_elongation': 8.317350511477}. Best is trial 0 with value: 36.013895931615.
[I 2026-07-27 19:49:47,929] Trial 1 finished with value: 23.364303262432962 and parameters: {'detect_thresh': 4.6889784074998415, 'minarea': 24, 'deblend_nthresh': 47, 'deblend_cont': 2.501072782578101e-05, 'back_size': 192, 'filter_size': 1, 'dilation_radius': 3, 'max_area': 3022, 'max_elongation': 25.750274694053935}. Best is trial 1 with value: 23.364303262432962.
[I 2026-07-27 19:50:05,931] Trial 2 finished with value: 34.872067924258914 and parameters: {'detect_thresh': 3.2284828779220756, 'minarea': 5, 'deblend_nthresh': 60, 'deblend_cont': 0.07328677709443414, 'back_size': 128, 'filter_size': 5, 'dilation_radius': 0, 'max_area': 3934, 'max_elongation': 3.9771122827212677}. Best is trial 1 with value: 23.364303262432962.
[I 2026-07-27 19:50:53,380] Trial 3 finished with value: 37.40947351757359 and parameters: {'detect_thresh': 0.6602663687647621, 'minarea': 29, 'deblend_nthresh': 12, 'deblend_cont': 0.0010437381951813995, 'back_size': 16, 'filter_size': 1, 'dilation_radius': 3, 'max_area': 3191, 'max_elongation': 29.31639916173163}. Best is trial 1 with value: 23.364303262432962.
[I 2026-07-27 19:51:09,116] Trial 4 finished with value: 30.303293331104577 and parameters: {'detect_thresh': 4.697183987543565, 'minarea': 2, 'deblend_nthresh': 37, 'deblend_cont': 0.0012824423723004374, 'back_size': 192, 'filter_size': 3, 'dilation_radius': 2, 'max_area': 5598, 'max_elongation': 17.43429543281028}. Best is trial 1 with value: 23.364303262432962.
[I 2026-07-27 19:51:40,575] Trial 5 finished with value: 35.829990260791135 and parameters: {'detect_thresh': 0.8259493601776362, 'minarea': 32, 'deblend_nthresh': 9, 'deblend_cont': 0.018208266956298978, 'back_size': 128, 'filter_size': 1, 'dilation_radius': 0, 'max_area': 3190, 'max_elongation': 17.692942098757555}. Best is trial 1 with value: 23.364303262432962.
[I 2026-07-27 19:51:53,831] Trial 6 finished with value: 26.858990118226618 and parameters: {'detect_thresh': 4.524703976598629, 'minarea': 22, 'deblend_nthresh': 53, 'deblend_cont': 0.00017754941150072772, 'back_size': 16, 'filter_size': 3, 'dilation_radius': 1, 'max_area': 1799, 'max_elongation': 11.206368629596707}. Best is trial 1 with value: 23.364303262432962.
[I 2026-07-27 19:52:06,126] Trial 7 finished with value: 22.795926060092974 and parameters: {'detect_thresh': 2.829115709745431, 'minarea': 50, 'deblend_nthresh': 12, 'deblend_cont': 4.231495015178084e-05, 'back_size': 32, 'filter_size': 1, 'dilation_radius': 2, 'max_area': 5782, 'max_elongation': 16.806110507281943}. Best is trial 7 with value: 22.795926060092974.
[I 2026-07-27 19:52:56,868] Trial 8 finished with value: 47.89842040833358 and parameters: {'detect_thresh': 0.527193821292566, 'minarea': 34, 'deblend_nthresh': 38, 'deblend_cont': 0.001151990476447575, 'back_size': 48, 'filter_size': 3, 'dilation_radius': 4, 'max_area': 4504, 'max_elongation': 26.28721248101314}. Best is trial 7 with value: 22.795926060092974.
[I 2026-07-27 19:53:10,394] Trial 9 finished with value: 34.482453523325276 and parameters: {'detect_thresh': 3.8035181228468264, 'minarea': 17, 'deblend_nthresh': 32, 'deblend_cont': 0.008189793520393899, 'back_size': 128, 'filter_size': 3, 'dilation_radius': 1, 'max_area': 2911, 'max_elongation': 28.75319005368624}. Best is trial 7 with value: 22.795926060092974.
[I 2026-07-27 19:53:29,208] Trial 10 finished with value: 36.30261886685312 and parameters: {'detect_thresh': 2.2842734619679503, 'minarea': 5, 'deblend_nthresh': 36, 'deblend_cont': 0.028575645416819225, 'back_size': 96, 'filter_size': 3, 'dilation_radius': 4, 'max_area': 1463, 'max_elongation': 2.1295606897391943}. Best is trial 7 with value: 22.795926060092974.
[I 2026-07-27 19:53:43,552] Trial 11 finished with value: 31.038053092793174 and parameters: {'detect_thresh': 4.571516940471112, 'minarea': 46, 'deblend_nthresh': 57, 'deblend_cont': 0.00014223737407268475, 'back_size': 192, 'filter_size': 7, 'dilation_radius': 0, 'max_area': 2815, 'max_elongation': 8.229051887111012}. Best is trial 7 with value: 22.795926060092974.
[I 2026-07-27 19:54:00,155] Trial 12 finished with value: 26.993039458467663 and parameters: {'detect_thresh': 4.052828854446586, 'minarea': 10, 'deblend_nthresh': 36, 'deblend_cont': 4.5163334944694e-05, 'back_size': 192, 'filter_size': 3, 'dilation_radius': 2, 'max_area': 3214, 'max_elongation': 24.552332462295954}. Best is trial 7 with value: 22.795926060092974.
[I 2026-07-27 19:54:17,350] Trial 13 finished with value: 32.61231108846313 and parameters: {'detect_thresh': 2.812588238204525, 'minarea': 9, 'deblend_nthresh': 18, 'deblend_cont': 1.073053348595758e-05, 'back_size': 128, 'filter_size': 9, 'dilation_radius': 0, 'max_area': 2147, 'max_elongation': 24.19096390712636}. Best is trial 7 with value: 22.795926060092974.
[I 2026-07-27 19:55:51,150] Trial 14 finished with value: 59.623382648862 and parameters: {'detect_thresh': 0.3357305476417507, 'minarea': 1, 'deblend_nthresh': 21, 'deblend_cont': 0.0006476470631789631, 'back_size': 24, 'filter_size': 7, 'dilation_radius': 3, 'max_area': 7582, 'max_elongation': 15.751630006740285}. Best is trial 7 with value: 22.795926060092974.
[I 2026-07-27 19:57:03,133] Trial 15 finished with value: 35.524555549936764 and parameters: {'detect_thresh': 0.26061206758419536, 'minarea': 27, 'deblend_nthresh': 21, 'deblend_cont': 0.04415142009730923, 'back_size': 48, 'filter_size': 7, 'dilation_radius': 0, 'max_area': 685, 'max_elongation': 2.507768131201689}. Best is trial 7 with value: 22.795926060092974.
[I 2026-07-27 19:57:18,117] Trial 16 finished with value: 20.847403462145763 and parameters: {'detect_thresh': 1.7820185322005542, 'minarea': 50, 'deblend_nthresh': 48, 'deblend_cont': 1.3137562986694467e-05, 'back_size': 32, 'filter_size': 1, 'dilation_radius': 3, 'max_area': 6171, 'max_elongation': 23.004682705634174}. Best is trial 16 with value: 20.847403462145763.
[I 2026-07-27 19:57:33,087] Trial 17 finished with value: 20.548456071788692 and parameters: {'detect_thresh': 1.7176994436710873, 'minarea': 50, 'deblend_nthresh': 48, 'deblend_cont': 1.0229881291563528e-05, 'back_size': 32, 'filter_size': 1, 'dilation_radius': 2, 'max_area': 6592, 'max_elongation': 20.75396100766335}. Best is trial 17 with value: 20.548456071788692.
[I 2026-07-27 19:57:51,826] Trial 18 finished with value: 19.45902473717852 and parameters: {'detect_thresh': 1.4126684833520795, 'minarea': 41, 'deblend_nthresh': 46, 'deblend_cont': 1.1650894708556998e-05, 'back_size': 32, 'filter_size': 1, 'dilation_radius': 3, 'max_area': 7963, 'max_elongation': 20.916942450832078}. Best is trial 18 with value: 19.45902473717852.
[I 2026-07-27 19:58:13,014] Trial 19 finished with value: 28.39127308474567 and parameters: {'detect_thresh': 1.3771684862488116, 'minarea': 40, 'deblend_nthresh': 47, 'deblend_cont': 0.0001072861642673738, 'back_size': 64, 'filter_size': 5, 'dilation_radius': 1, 'max_area': 7854, 'max_elongation': 20.79010910649237}. Best is trial 18 with value: 19.45902473717852.
[I 2026-07-27 19:58:25,782] Trial 20 finished with value: 1000000.0 and parameters: {'detect_thresh': 1.3421773829824846, 'minarea': 39, 'deblend_nthresh': 64, 'deblend_cont': 2.6019026146056775e-05, 'back_size': 256, 'filter_size': 1, 'dilation_radius': 2, 'max_area': 6829, 'max_elongation': 13.164928906183814}. Best is trial 18 with value: 19.45902473717852.
[I 2026-07-27 19:58:42,515] Trial 21 finished with value: 20.458009338112152 and parameters: {'detect_thresh': 1.8756938330179254, 'minarea': 45, 'deblend_nthresh': 46, 'deblend_cont': 1.0581521762681104e-05, 'back_size': 32, 'filter_size': 1, 'dilation_radius': 3, 'max_area': 6464, 'max_elongation': 21.280461558037885}. Best is trial 18 with value: 19.45902473717852.
[I 2026-07-27 19:58:57,991] Trial 22 finished with value: 20.517617822291147 and parameters: {'detect_thresh': 1.9489650125659357, 'minarea': 43, 'deblend_nthresh': 42, 'deblend_cont': 1.5056825768977709e-05, 'back_size': 32, 'filter_size': 1, 'dilation_radius': 3, 'max_area': 6969, 'max_elongation': 20.49042561701281}. Best is trial 18 with value: 19.45902473717852.
[I 2026-07-27 19:59:11,993] Trial 23 finished with value: 21.077565079209826 and parameters: {'detect_thresh': 2.0425485615394727, 'minarea': 42, 'deblend_nthresh': 42, 'deblend_cont': 6.798728037497704e-05, 'back_size': 32, 'filter_size': 1, 'dilation_radius': 3, 'max_area': 7202, 'max_elongation': 21.079529298630714}. Best is trial 18 with value: 19.45902473717852.
[I 2026-07-27 19:59:31,595] Trial 24 finished with value: 19.927520722248108 and parameters: {'detect_thresh': 1.1405279469701086, 'minarea': 44, 'deblend_nthresh': 29, 'deblend_cont': 2.4602816784372826e-05, 'back_size': 32, 'filter_size': 1, 'dilation_radius': 3, 'max_area': 5223, 'max_elongation': 19.005569981744014}. Best is trial 18 with value: 19.45902473717852.
[I 2026-07-27 19:59:50,624] Trial 25 finished with value: 21.745542715319438 and parameters: {'detect_thresh': 1.201966088062626, 'minarea': 36, 'deblend_nthresh': 29, 'deblend_cont': 0.0003725326117028509, 'back_size': 32, 'filter_size': 1, 'dilation_radius': 4, 'max_area': 5003, 'max_elongation': 14.065608417271218}. Best is trial 18 with value: 19.45902473717852.
[I 2026-07-27 20:00:14,420] Trial 26 finished with value: 20.780501317820068 and parameters: {'detect_thresh': 1.0040978425850067, 'minarea': 45, 'deblend_nthresh': 28, 'deblend_cont': 3.205324343373754e-05, 'back_size': 32, 'filter_size': 1, 'dilation_radius': 3, 'max_area': 5175, 'max_elongation': 18.411514264636477}. Best is trial 18 with value: 19.45902473717852.
[I 2026-07-27 20:00:31,351] Trial 27 finished with value: 29.372510204441493 and parameters: {'detect_thresh': 2.3786884251538183, 'minarea': 38, 'deblend_nthresh': 52, 'deblend_cont': 7.908758440794529e-05, 'back_size': 96, 'filter_size': 5, 'dilation_radius': 4, 'max_area': 6359, 'max_elongation': 23.16261814140194}. Best is trial 18 with value: 19.45902473717852.
[I 2026-07-27 20:00:53,015] Trial 28 finished with value: 28.699506488900816 and parameters: {'detect_thresh': 1.551119785925428, 'minarea': 46, 'deblend_nthresh': 42, 'deblend_cont': 2.064406904131238e-05, 'back_size': 64, 'filter_size': 9, 'dilation_radius': 3, 'max_area': 7407, 'max_elongation': 19.910611421487175}. Best is trial 18 with value: 19.45902473717852.
[I 2026-07-27 20:01:07,189] Trial 29 finished with value: 1000000.0 and parameters: {'detect_thresh': 0.9574727983427587, 'minarea': 33, 'deblend_nthresh': 30, 'deblend_cont': 5.204406476237288e-05, 'back_size': 256, 'filter_size': 9, 'dilation_radius': 4, 'max_area': 7924, 'max_elongation': 14.914838050122174}. Best is trial 18 with value: 19.45902473717852.
[I 2026-07-27 20:01:19,799] Trial 30 finished with value: 23.916219110135643 and parameters: {'detect_thresh': 2.5528537403757774, 'minarea': 42, 'deblend_nthresh': 25, 'deblend_cont': 0.00025624864120842744, 'back_size': 24, 'filter_size': 1, 'dilation_radius': 2, 'max_area': 4456, 'max_elongation': 10.10279423985014}. Best is trial 18 with value: 19.45902473717852.
[I 2026-07-27 20:01:34,740] Trial 31 finished with value: 20.66930598681861 and parameters: {'detect_thresh': 1.8983416370536763, 'minarea': 43, 'deblend_nthresh': 44, 'deblend_cont': 1.8303622111750282e-05, 'back_size': 32, 'filter_size': 1, 'dilation_radius': 3, 'max_area': 7037, 'max_elongation': 19.456718794679876}. Best is trial 18 with value: 19.45902473717852.
[I 2026-07-27 20:01:49,378] Trial 32 finished with value: 21.010121265407196 and parameters: {'detect_thresh': 2.1350134609358165, 'minarea': 46, 'deblend_nthresh': 53, 'deblend_cont': 2.3434095272405785e-05, 'back_size': 32, 'filter_size': 1, 'dilation_radius': 3, 'max_area': 5772, 'max_elongation': 22.201472721750154}. Best is trial 18 with value: 19.45902473717852.
[I 2026-07-27 20:02:07,478] Trial 33 finished with value: 20.010608411331386 and parameters: {'detect_thresh': 1.556863292095172, 'minarea': 36, 'deblend_nthresh': 41, 'deblend_cont': 1.5243940224111085e-05, 'back_size': 32, 'filter_size': 1, 'dilation_radius': 3, 'max_area': 6486, 'max_elongation': 26.669722594072486}. Best is trial 18 with value: 19.45902473717852.
[I 2026-07-27 20:02:29,160] Trial 34 finished with value: 20.325023916617454 and parameters: {'detect_thresh': 1.199468728572793, 'minarea': 36, 'deblend_nthresh': 33, 'deblend_cont': 1.0068071051257826e-05, 'back_size': 32, 'filter_size': 1, 'dilation_radius': 4, 'max_area': 6163, 'max_elongation': 26.541931762785854}. Best is trial 18 with value: 19.45902473717852.
[I 2026-07-27 20:02:53,592] Trial 35 finished with value: 32.073154365261274 and parameters: {'detect_thresh': 1.1616849229317083, 'minarea': 30, 'deblend_nthresh': 33, 'deblend_cont': 3.0167427408436237e-05, 'back_size': 32, 'filter_size': 1, 'dilation_radius': 4, 'max_area': 5288, 'max_elongation': 27.58280830238953}. Best is trial 18 with value: 19.45902473717852.
[I 2026-07-27 20:03:10,846] Trial 36 finished with value: 22.199864912706396 and parameters: {'detect_thresh': 1.5599688155082228, 'minarea': 36, 'deblend_nthresh': 25, 'deblend_cont': 8.695467885320013e-05, 'back_size': 16, 'filter_size': 5, 'dilation_radius': 4, 'max_area': 4635, 'max_elongation': 26.416490462132618}. Best is trial 18 with value: 19.45902473717852.
[I 2026-07-27 20:03:45,297] Trial 37 finished with value: 40.29673296329404 and parameters: {'detect_thresh': 0.8324355492300458, 'minarea': 25, 'deblend_nthresh': 39, 'deblend_cont': 4.295054547296877e-05, 'back_size': 32, 'filter_size': 1, 'dilation_radius': 4, 'max_area': 3685, 'max_elongation': 29.863414851510456}. Best is trial 18 with value: 19.45902473717852.
[I 2026-07-27 20:04:38,841] Trial 38 finished with value: 32.47938344203648 and parameters: {'detect_thresh': 0.5810349062426056, 'minarea': 36, 'deblend_nthresh': 34, 'deblend_cont': 1.8612438830093168e-05, 'back_size': 32, 'filter_size': 1, 'dilation_radius': 2, 'max_area': 6043, 'max_elongation': 27.57423760484358}. Best is trial 18 with value: 19.45902473717852.
[I 2026-07-27 20:04:56,381] Trial 39 finished with value: 23.415295851430358 and parameters: {'detect_thresh': 1.4669214823456065, 'minarea': 29, 'deblend_nthresh': 25, 'deblend_cont': 3.18727043158442e-05, 'back_size': 48, 'filter_size': 1, 'dilation_radius': 3, 'max_area': 3868, 'max_elongation': 25.46258370306354}. Best is trial 18 with value: 19.45902473717852.
[I 2026-07-27 20:05:19,864] Trial 40 finished with value: 36.05785816118921 and parameters: {'detect_thresh': 1.1604445227575622, 'minarea': 22, 'deblend_nthresh': 39, 'deblend_cont': 5.86631492566208e-05, 'back_size': 16, 'filter_size': 7, 'dilation_radius': 4, 'max_area': 5496, 'max_elongation': 18.356490805610523}. Best is trial 18 with value: 19.45902473717852.
[I 2026-07-27 20:05:34,714] Trial 41 finished with value: 19.635284808763387 and parameters: {'detect_thresh': 1.6723517147182017, 'minarea': 41, 'deblend_nthresh': 46, 'deblend_cont': 1.1434621107858505e-05, 'back_size': 32, 'filter_size': 1, 'dilation_radius': 3, 'max_area': 6512, 'max_elongation': 22.285929740442633}. Best is trial 18 with value: 19.45902473717852.
[I 2026-07-27 20:06:13,583] Trial 42 finished with value: 31.072301373922784 and parameters: {'detect_thresh': 0.6966603966146824, 'minarea': 40, 'deblend_nthresh': 51, 'deblend_cont': 1.690690933200076e-05, 'back_size': 32, 'filter_size': 1, 'dilation_radius': 3, 'max_area': 5977, 'max_elongation': 25.042546547457825}. Best is trial 18 with value: 19.45902473717852.
[I 2026-07-27 20:06:29,490] Trial 43 finished with value: 19.370126311083503 and parameters: {'detect_thresh': 1.631423872932273, 'minarea': 32, 'deblend_nthresh': 58, 'deblend_cont': 1.0422673455619709e-05, 'back_size': 32, 'filter_size': 1, 'dilation_radius': 2, 'max_area': 4841, 'max_elongation': 27.973488635215638}. Best is trial 43 with value: 19.370126311083503.
[I 2026-07-27 20:06:47,181] Trial 44 finished with value: 34.741478265631834 and parameters: {'detect_thresh': 1.6166133250548174, 'minarea': 31, 'deblend_nthresh': 60, 'deblend_cont': 0.004368875086101828, 'back_size': 96, 'filter_size': 1, 'dilation_radius': 2, 'max_area': 4732, 'max_elongation': 28.12088341017652}. Best is trial 43 with value: 19.370126311083503.
[I 2026-07-27 20:07:00,268] Trial 45 finished with value: 21.920958179145064 and parameters: {'detect_thresh': 2.271782599612081, 'minarea': 33, 'deblend_nthresh': 57, 'deblend_cont': 2.9626985332205114e-05, 'back_size': 32, 'filter_size': 1, 'dilation_radius': 1, 'max_area': 4356, 'max_elongation': 23.298027892568083}. Best is trial 43 with value: 19.370126311083503.
[I 2026-07-27 20:07:15,850] Trial 46 finished with value: 30.72860265445415 and parameters: {'detect_thresh': 3.109224067139126, 'minarea': 48, 'deblend_nthresh': 57, 'deblend_cont': 1.7280983828397267e-05, 'back_size': 192, 'filter_size': 9, 'dilation_radius': 2, 'max_area': 6700, 'max_elongation': 22.21090206813316}. Best is trial 43 with value: 19.370126311083503.
[I 2026-07-27 20:07:31,909] Trial 47 finished with value: 23.099070651858458 and parameters: {'detect_thresh': 2.6691787163141436, 'minarea': 17, 'deblend_nthresh': 64, 'deblend_cont': 0.00012976997881243338, 'back_size': 128, 'filter_size': 1, 'dilation_radius': 3, 'max_area': 5574, 'max_elongation': 16.825471115176406}. Best is trial 43 with value: 19.370126311083503.
[I 2026-07-27 20:07:51,103] Trial 48 finished with value: 25.32339030957435 and parameters: {'detect_thresh': 1.7227720939309263, 'minarea': 39, 'deblend_nthresh': 50, 'deblend_cont': 4.203163289653663e-05, 'back_size': 256, 'filter_size': 3, 'dilation_radius': 2, 'max_area': 4112, 'max_elongation': 24.317117627117547}. Best is trial 43 with value: 19.370126311083503.
[I 2026-07-27 20:08:16,496] Trial 49 finished with value: 39.36020019949436 and parameters: {'detect_thresh': 0.9882997277347179, 'minarea': 35, 'deblend_nthresh': 16, 'deblend_cont': 1.4886988755249708e-05, 'back_size': 64, 'filter_size': 5, 'dilation_radius': 3, 'max_area': 7552, 'max_elongation': 6.174383679938824}. Best is trial 43 with value: 19.370126311083503.
[I 2026-07-27 20:08:31,829] Trial 50 finished with value: 35.612175497564664 and parameters: {'detect_thresh': 2.1634609073414386, 'minarea': 28, 'deblend_nthresh': 54, 'deblend_cont': 0.09262038941368393, 'back_size': 24, 'filter_size': 7, 'dilation_radius': 3, 'max_area': 4992, 'max_elongation': 18.79527775125464}. Best is trial 43 with value: 19.370126311083503.
[I 2026-07-27 20:08:50,353] Trial 51 finished with value: 19.23693109720083 and parameters: {'detect_thresh': 1.2690080982918828, 'minarea': 38, 'deblend_nthresh': 45, 'deblend_cont': 1.0429731716760565e-05, 'back_size': 32, 'filter_size': 1, 'dilation_radius': 4, 'max_area': 6311, 'max_elongation': 26.618834457420657}. Best is trial 51 with value: 19.23693109720083.
[I 2026-07-27 20:09:07,324] Trial 52 finished with value: 20.41920577475101 and parameters: {'detect_thresh': 1.3292955906228052, 'minarea': 38, 'deblend_nthresh': 45, 'deblend_cont': 1.3934808051281307e-05, 'back_size': 32, 'filter_size': 1, 'dilation_radius': 1, 'max_area': 5765, 'max_elongation': 25.719092753872857}. Best is trial 51 with value: 19.23693109720083.
[I 2026-07-27 20:10:24,181] Trial 53 finished with value: 36.06049654624685 and parameters: {'detect_thresh': 0.4555193172063059, 'minarea': 42, 'deblend_nthresh': 49, 'deblend_cont': 2.3170735967427375e-05, 'back_size': 32, 'filter_size': 1, 'dilation_radius': 3, 'max_area': 7302, 'max_elongation': 29.400871821143447}. Best is trial 51 with value: 19.23693109720083.
[I 2026-07-27 20:10:57,576] Trial 54 finished with value: 19.15381450053649 and parameters: {'detect_thresh': 0.8044600709163064, 'minarea': 32, 'deblend_nthresh': 43, 'deblend_cont': 1.2846966216709388e-05, 'back_size': 32, 'filter_size': 1, 'dilation_radius': 2, 'max_area': 6523, 'max_elongation': 28.51285051318876}. Best is trial 54 with value: 19.15381450053649.
[I 2026-07-27 20:11:32,127] Trial 55 finished with value: 19.36018834667264 and parameters: {'detect_thresh': 0.8133775450911171, 'minarea': 32, 'deblend_nthresh': 55, 'deblend_cont': 1.1355446217572395e-05, 'back_size': 32, 'filter_size': 1, 'dilation_radius': 2, 'max_area': 6828, 'max_elongation': 28.74290321280813}. Best is trial 54 with value: 19.15381450053649.
[I 2026-07-27 20:11:44,241] Trial 56 finished with value: 22.912390695151075 and parameters: {'detect_thresh': 4.912962481116694, 'minarea': 26, 'deblend_nthresh': 55, 'deblend_cont': 1.0344906883268957e-05, 'back_size': 48, 'filter_size': 1, 'dilation_radius': 2, 'max_area': 7740, 'max_elongation': 28.38508511441645}. Best is trial 54 with value: 19.15381450053649.
[I 2026-07-27 20:12:13,629] Trial 57 finished with value: 19.541926267867716 and parameters: {'detect_thresh': 0.8221081052237512, 'minarea': 33, 'deblend_nthresh': 60, 'deblend_cont': 1.3109210004586843e-05, 'back_size': 32, 'filter_size': 3, 'dilation_radius': 1, 'max_area': 6871, 'max_elongation': 28.98313023975001}. Best is trial 54 with value: 19.15381450053649.
[I 2026-07-27 20:12:33,357] Trial 58 finished with value: 1000000.0 and parameters: {'detect_thresh': 0.6782133702631956, 'minarea': 31, 'deblend_nthresh': 60, 'deblend_cont': 3.768486616147219e-05, 'back_size': 192, 'filter_size': 3, 'dilation_radius': 1, 'max_area': 7042, 'max_elongation': 29.974314864293074}. Best is trial 54 with value: 19.15381450053649.
