[I 2026-07-27 20:13:09,995] Trial 59 finished with value: 21.113466477107856 and parameters: {'detect_thresh': 0.8362290279623146, 'minarea': 33, 'deblend_nthresh': 61, 'deblend_cont': 2.1391128184468122e-05, 'back_size': 128, 'filter_size': 3, 'dilation_radius': 1, 'max_area': 6711, 'max_elongation': 28.951895805625675}. Best is trial 54 with value: 19.15381450053649.
[I 2026-07-27 20:16:20,444] Trial 60 finished with value: 34.32190881479525 and parameters: {'detect_thresh': 0.20572868928761057, 'minarea': 24, 'deblend_nthresh': 56, 'deblend_cont': 1.2586086048160033e-05, 'back_size': 32, 'filter_size': 3, 'dilation_radius': 0, 'max_area': 7997, 'max_elongation': 27.331960872576033}. Best is trial 54 with value: 19.15381450053649.
[I 2026-07-27 20:17:31,432] Trial 61 finished with value: 34.94882234062499 and parameters: {'detect_thresh': 0.4284704454229818, 'minarea': 34, 'deblend_nthresh': 62, 'deblend_cont': 1.3020767419164436e-05, 'back_size': 32, 'filter_size': 3, 'dilation_radius': 2, 'max_area': 6268, 'max_elongation': 28.839812032247707}. Best is trial 54 with value: 19.15381450053649.
[I 2026-07-27 20:17:48,621] Trial 62 finished with value: 19.571553713618922 and parameters: {'detect_thresh': 1.346776062039571, 'minarea': 38, 'deblend_nthresh': 44, 'deblend_cont': 1.006074324410126e-05, 'back_size': 32, 'filter_size': 1, 'dilation_radius': 2, 'max_area': 7274, 'max_elongation': 24.010687663988776}. Best is trial 54 with value: 19.15381450053649.
[I 2026-07-27 20:18:13,946] Trial 63 finished with value: 18.955273310884383 and parameters: {'detect_thresh': 1.0023459569168256, 'minarea': 31, 'deblend_nthresh': 58, 'deblend_cont': 2.090020505068945e-05, 'back_size': 32, 'filter_size': 1, 'dilation_radius': 2, 'max_area': 7320, 'max_elongation': 24.246303128221246}. Best is trial 63 with value: 18.955273310884383.
[I 2026-07-27 20:18:46,905] Trial 64 finished with value: 31.38438122805911 and parameters: {'detect_thresh': 0.7739924151297836, 'minarea': 28, 'deblend_nthresh': 62, 'deblend_cont': 2.467644534237076e-05, 'back_size': 32, 'filter_size': 3, 'dilation_radius': 2, 'max_area': 6990, 'max_elongation': 27.09366812998653}. Best is trial 63 with value: 18.955273310884383.
[I 2026-07-27 20:19:17,474] Trial 65 finished with value: 28.503318405147212 and parameters: {'detect_thresh': 0.9937625930716925, 'minarea': 31, 'deblend_nthresh': 58, 'deblend_cont': 5.237742274623638e-05, 'back_size': 96, 'filter_size': 9, 'dilation_radius': 1, 'max_area': 7520, 'max_elongation': 28.24270899301409}. Best is trial 63 with value: 18.955273310884383.
[I 2026-07-27 20:19:45,831] Trial 66 finished with value: 18.471508577219353 and parameters: {'detect_thresh': 0.9371368329775688, 'minarea': 32, 'deblend_nthresh': 59, 'deblend_cont': 1.758789958558598e-05, 'back_size': 32, 'filter_size': 1, 'dilation_radius': 2, 'max_area': 7771, 'max_elongation': 25.521507447141303}. Best is trial 66 with value: 18.471508577219353.
[I 2026-07-27 20:20:57,651] Trial 67 finished with value: 36.88632238209012 and parameters: {'detect_thresh': 0.5655391319396914, 'minarea': 22, 'deblend_nthresh': 53, 'deblend_cont': 3.251391423425555e-05, 'back_size': 32, 'filter_size': 1, 'dilation_radius': 2, 'max_area': 7708, 'max_elongation': 25.101537663251413}. Best is trial 66 with value: 18.471508577219353.
[I 2026-07-27 20:21:21,938] Trial 68 finished with value: 19.676706564654403 and parameters: {'detect_thresh': 1.0362995791050913, 'minarea': 29, 'deblend_nthresh': 51, 'deblend_cont': 2.1165852813857268e-05, 'back_size': 24, 'filter_size': 1, 'dilation_radius': 2, 'max_area': 7282, 'max_elongation': 26.10863098982156}. Best is trial 66 with value: 18.471508577219353.
[I 2026-07-27 20:21:42,131] Trial 69 finished with value: 31.707799104924213 and parameters: {'detect_thresh': 1.2912595377137968, 'minarea': 32, 'deblend_nthresh': 55, 'deblend_cont': 0.002205051960883487, 'back_size': 64, 'filter_size': 1, 'dilation_radius': 2, 'max_area': 2303, 'max_elongation': 23.71874799090541}. Best is trial 66 with value: 18.471508577219353.
[I 2026-07-27 20:22:00,804] Trial 70 finished with value: 21.395093164747983 and parameters: {'detect_thresh': 1.458617283667549, 'minarea': 18, 'deblend_nthresh': 58, 'deblend_cont': 7.275152629263135e-05, 'back_size': 16, 'filter_size': 1, 'dilation_radius': 2, 'max_area': 7697, 'max_elongation': 24.51415914508815}. Best is trial 66 with value: 18.471508577219353.
[I 2026-07-27 20:23:15,908] Trial 71 finished with value: 41.149694593248725 and parameters: {'detect_thresh': 0.3542602470430326, 'minarea': 34, 'deblend_nthresh': 59, 'deblend_cont': 1.5788906327993533e-05, 'back_size': 32, 'filter_size': 7, 'dilation_radius': 1, 'max_area': 6812, 'max_elongation': 27.85872891997717}. Best is trial 66 with value: 18.471508577219353.
[I 2026-07-27 20:23:55,008] Trial 72 finished with value: 19.327605190284732 and parameters: {'detect_thresh': 0.7568548426279351, 'minarea': 30, 'deblend_nthresh': 63, 'deblend_cont': 1.822228790793995e-05, 'back_size': 32, 'filter_size': 1, 'dilation_radius': 0, 'max_area': 7136, 'max_elongation': 26.82759867542935}. Best is trial 66 with value: 18.471508577219353.
[I 2026-07-27 20:24:24,322] Trial 73 finished with value: 20.61698388744178 and parameters: {'detect_thresh': 0.9135174825339647, 'minarea': 27, 'deblend_nthresh': 63, 'deblend_cont': 1.7611119021523385e-05, 'back_size': 32, 'filter_size': 1, 'dilation_radius': 0, 'max_area': 7448, 'max_elongation': 26.06176715280018}. Best is trial 66 with value: 18.471508577219353.
[I 2026-07-27 20:25:09,457] Trial 74 finished with value: 32.11586485782723 and parameters: {'detect_thresh': 0.661326372379208, 'minarea': 30, 'deblend_nthresh': 48, 'deblend_cont': 2.6447895394265757e-05, 'back_size': 32, 'filter_size': 1, 'dilation_radius': 2, 'max_area': 7129, 'max_elongation': 26.880747092134328}. Best is trial 66 with value: 18.471508577219353.
[I 2026-07-27 20:25:22,093] Trial 75 finished with value: 24.806343305129026 and parameters: {'detect_thresh': 4.238481703095613, 'minarea': 37, 'deblend_nthresh': 41, 'deblend_cont': 3.9324192669376545e-05, 'back_size': 256, 'filter_size': 1, 'dilation_radius': 2, 'max_area': 7838, 'max_elongation': 25.147772532762964}. Best is trial 66 with value: 18.471508577219353.
[I 2026-07-27 20:25:41,867] Trial 76 finished with value: 20.889500838544443 and parameters: {'detect_thresh': 1.1242354417528775, 'minarea': 35, 'deblend_nthresh': 55, 'deblend_cont': 2.0394521626159623e-05, 'back_size': 32, 'filter_size': 1, 'dilation_radius': 0, 'max_area': 1277, 'max_elongation': 21.638456344811665}. Best is trial 66 with value: 18.471508577219353.
[I 2026-07-27 20:26:00,537] Trial 77 finished with value: 22.39381577741098 and parameters: {'detect_thresh': 1.425100872123176, 'minarea': 27, 'deblend_nthresh': 62, 'deblend_cont': 1.4172504149069946e-05, 'back_size': 32, 'filter_size': 5, 'dilation_radius': 2, 'max_area': 6590, 'max_elongation': 26.692072575900095}. Best is trial 66 with value: 18.471508577219353.
[I 2026-07-27 20:26:19,283] Trial 78 finished with value: 19.419100569815246 and parameters: {'detect_thresh': 1.2626948876211381, 'minarea': 30, 'deblend_nthresh': 64, 'deblend_cont': 3.445942200304859e-05, 'back_size': 32, 'filter_size': 1, 'dilation_radius': 2, 'max_area': 5985, 'max_elongation': 27.63631220756358}. Best is trial 66 with value: 18.471508577219353.
[I 2026-07-27 20:27:10,651] Trial 79 finished with value: 50.45520912514578 and parameters: {'detect_thresh': 0.5855611357261747, 'minarea': 24, 'deblend_nthresh': 63, 'deblend_cont': 0.013541108993467514, 'back_size': 48, 'filter_size': 1, 'dilation_radius': 2, 'max_area': 5970, 'max_elongation': 27.97017495828169}. Best is trial 66 with value: 18.471508577219353.
