[I 2026-07-27 19:49:07,027] A new study created in RDB with name: mtobjects-spike-gate-optimisation
[I 2026-07-27 22:09:46,964] Trial 0 finished with value: 10.768995638228354 and parameters: {'move_factor': 0.7189388609577654, 'min_distance': 0.025933512927301172, 'gaussian_fwhm': 1.1449273341002175, 'minarea': 92, 'dilation_radius': 6, 'max_area': 4681, 'max_elongation': 11.152458588387985}. Best is trial 0 with value: 10.768995638228354.
[I 2026-07-27 23:58:38,334] Trial 1 finished with value: 5.603746729015078 and parameters: {'move_factor': 0.14664668287643395, 'min_distance': 0.9195622329638521, 'gaussian_fwhm': 1.3718752056007584, 'minarea': 7, 'dilation_radius': 5, 'max_area': 2111, 'max_elongation': 3.3177996458144996}. Best is trial 1 with value: 5.603746729015078.
[I 2026-07-28 00:34:31,742] Trial 2 finished with value: 9.089281975884557 and parameters: {'move_factor': 0.21692317900377184, 'min_distance': 0.3955786812810348, 'gaussian_fwhm': 2.9052332861426953, 'minarea': 71, 'dilation_radius': 7, 'max_area': 1620, 'max_elongation': 7.12132410595472}. Best is trial 1 with value: 5.603746729015078.
[I 2026-07-28 01:00:03,546] Trial 3 finished with value: 5.948549672829062 and parameters: {'move_factor': 0.8916834514062203, 'min_distance': 0.47072573088454317, 'gaussian_fwhm': 3.4927916014864957, 'minarea': 10, 'dilation_radius': 6, 'max_area': 1175, 'max_elongation': 15.540702079581633}. Best is trial 1 with value: 5.603746729015078.
[I 2026-07-28 01:39:12,987] Trial 4 finished with value: 8.791015581821524 and parameters: {'move_factor': 0.24083551512946166, 'min_distance': 0.687167619386348, 'gaussian_fwhm': 2.7162950703671163, 'minarea': 65, 'dilation_radius': 7, 'max_area': 2307, 'max_elongation': 17.16222242089402}. Best is trial 1 with value: 5.603746729015078.
[I 2026-07-28 03:10:18,444] Trial 5 finished with value: 5.197204933433691 and parameters: {'move_factor': 0.47192514856805484, 'min_distance': 0.20500671746680044, 'gaussian_fwhm': 1.5230717500146302, 'minarea': 18, 'dilation_radius': 6, 'max_area': 1893, 'max_elongation': 21.49584053720237}. Best is trial 5 with value: 5.197204933433691.
[I 2026-07-28 03:25:57,159] Trial 6 finished with value: 7.749101675447042 and parameters: {'move_factor': 0.6178405396103892, 'min_distance': 0.09154568799094032, 'gaussian_fwhm': 4.575339879841719, 'minarea': 97, 'dilation_radius': 0, 'max_area': 305, 'max_elongation': 12.979724774234194}. Best is trial 5 with value: 5.197204933433691.
[I 2026-07-28 04:10:40,305] Trial 7 finished with value: 7.517697470731691 and parameters: {'move_factor': 0.3084547246861798, 'min_distance': 0.2617056271720214, 'gaussian_fwhm': 2.501808249433739, 'minarea': 56, 'dilation_radius': 1, 'max_area': 879, 'max_elongation': 6.859565063231318}. Best is trial 5 with value: 5.197204933433691.
[I 2026-07-28 07:07:17,252] Trial 8 finished with value: 10.044823951902746 and parameters: {'move_factor': 0.521355305106588, 'min_distance': 0.8165107886742452, 'gaussian_fwhm': 0.18797999954781042, 'minarea': 64, 'dilation_radius': 0, 'max_area': 2462, 'max_elongation': 3.5425311804894664}. Best is trial 5 with value: 5.197204933433691.
[I 2026-07-28 10:06:15,699] Trial 9 finished with value: 7.950343095429894 and parameters: {'move_factor': 0.13629994414339286, 'min_distance': 0.5709770164457386, 'gaussian_fwhm': 0.3665039564539302, 'minarea': 51, 'dilation_radius': 8, 'max_area': 2069, 'max_elongation': 5.837135271454738}. Best is trial 5 with value: 5.197204933433691.
