[I 2026-07-27 20:32:23,446] A new study created in RDB with name: mtobjects-toy-optimisation
[I 2026-07-27 22:14:51,600] Trial 0 finished with value: 0.10669620269389779 and parameters: {'move_factor': 0.7432654010641838, 'min_distance': 0.025933512927301172, 'gaussian_fwhm': 1.1449273341002175, 'minarea': 74, 'dilation_radius': 6, 'max_area': 2810, 'max_elongation': 9.098743995113946}. Best is trial 0 with value: 0.10669620269389779.
[I 2026-07-27 23:34:48,611] Trial 1 finished with value: 25.037764697213543 and parameters: {'move_factor': 0.10738520319603773, 'min_distance': 0.9195622329638521, 'gaussian_fwhm': 1.3718752056007584, 'minarea': 6, 'dilation_radius': 5, 'max_area': 1271, 'max_elongation': 2.931033763726308}. Best is trial 0 with value: 0.10669620269389779.
[I 2026-07-27 23:58:10,761] Trial 2 finished with value: 15.803292334921311 and parameters: {'move_factor': 0.1854701988930798, 'min_distance': 0.3955786812810348, 'gaussian_fwhm': 2.9052332861426953, 'minarea': 57, 'dilation_radius': 7, 'max_area': 977, 'max_elongation': 5.925297700432439}. Best is trial 0 with value: 0.10669620269389779.
[I 2026-07-28 00:14:58,164] Trial 3 finished with value: 22.179395586468065 and parameters: {'move_factor': 0.9352038348958004, 'min_distance': 0.47072573088454317, 'gaussian_fwhm': 3.4927916014864957, 'minarea': 8, 'dilation_radius': 6, 'max_area': 711, 'max_elongation': 12.553318658394051}. Best is trial 0 with value: 0.10669620269389779.
[I 2026-07-28 00:40:45,935] Trial 4 finished with value: 16.965016907860363 and parameters: {'move_factor': 0.21203946125495743, 'min_distance': 0.687167619386348, 'gaussian_fwhm': 2.7162950703671163, 'minarea': 52, 'dilation_radius': 7, 'max_area': 1388, 'max_elongation': 13.829834671767633}. Best is trial 0 with value: 0.10669620269389779.
[I 2026-07-28 01:46:46,673] Trial 5 finished with value: 22.48142666716944 and parameters: {'move_factor': 0.4688057206311721, 'min_distance': 0.20500671746680044, 'gaussian_fwhm': 1.5230717500146302, 'minarea': 15, 'dilation_radius': 6, 'max_area': 1141, 'max_elongation': 17.2414063803508}. Best is trial 0 with value: 0.10669620269389779.
[I 2026-07-28 01:56:17,350] Trial 6 finished with value: -0.09270101447012954 and parameters: {'move_factor': 0.6309339329004324, 'min_distance': 0.09154568799094032, 'gaussian_fwhm': 4.575339879841719, 'minarea': 78, 'dilation_radius': 0, 'max_area': 191, 'max_elongation': 10.537230141418409}. Best is trial 6 with value: -0.09270101447012954.
[I 2026-07-28 02:25:58,344] Trial 7 finished with value: -0.19029522676136149 and parameters: {'move_factor': 0.28717191631797756, 'min_distance': 0.2617056271720214, 'gaussian_fwhm': 2.501808249433739, 'minarea': 45, 'dilation_radius': 1, 'max_area': 534, 'max_elongation': 5.719232071054442}. Best is trial 7 with value: -0.19029522676136149.
[I 2026-07-28 04:42:14,444] Trial 8 finished with value: -0.1278762701972173 and parameters: {'move_factor': 0.4167281006585563, 'min_distance': 0.9740773531214002, 'gaussian_fwhm': 0.09365719769047143, 'minarea': 34, 'dilation_radius': 0, 'max_area': 2321, 'max_elongation': 18.648063778393443}. Best is trial 7 with value: -0.19029522676136149.
[I 2026-07-28 04:51:15,384] Trial 9 finished with value: -0.034792677139078645 and parameters: {'move_factor': 0.991444026873181, 'min_distance': 0.5360463448261807, 'gaussian_fwhm': 4.704367615470678, 'minarea': 31, 'dilation_radius': 3, 'max_area': 1979, 'max_elongation': 1.7733903385417324}. Best is trial 7 with value: -0.19029522676136149.
[I 2026-07-28 05:06:41,943] Trial 10 finished with value: 0.0007834959899327559 and parameters: {'move_factor': 0.01091076304267563, 'min_distance': 0.7216903865394995, 'gaussian_fwhm': 3.5543457954039477, 'minarea': 31, 'dilation_radius': 3, 'max_area': 67, 'max_elongation': 7.51984901711202}. Best is trial 7 with value: -0.19029522676136149.
[I 2026-07-28 07:24:33,036] Trial 11 finished with value: -0.11863887584653422 and parameters: {'move_factor': 0.3554521765881317, 'min_distance': 0.9372490721850197, 'gaussian_fwhm': 0.4735355485059882, 'minarea': 39, 'dilation_radius': 0, 'max_area': 2974, 'max_elongation': 19.966597455414558}. Best is trial 7 with value: -0.19029522676136149.
