[I 2026-07-27 19:50:36,961] A new study created in RDB with name: sep-toy-object-optimisation
[I 2026-07-27 19:50:51,871] Trial 0 finished with value: -0.37339005176628165 and parameters: {'detect_thresh': 3.7676739251080824, 'minarea': 2, 'deblend_nthresh': 21, 'deblend_cont': 0.04486396470528217, 'back_size': 24, 'filter_size': 9, 'dilation_radius': 6, 'max_area': 2583, 'max_elongation': 8.317350511477}. Best is trial 0 with value: -0.37339005176628165.
[I 2026-07-27 19:51:03,952] Trial 1 finished with value: -0.40727736937699677 and parameters: {'detect_thresh': 4.6889784074998415, 'minarea': 24, 'deblend_nthresh': 47, 'deblend_cont': 2.501072782578101e-05, 'back_size': 192, 'filter_size': 1, 'dilation_radius': 5, 'max_area': 3022, 'max_elongation': 25.750274694053935}. Best is trial 1 with value: -0.40727736937699677.
[I 2026-07-27 19:51:15,500] Trial 2 finished with value: -0.3399220368388163 and parameters: {'detect_thresh': 3.2284828779220756, 'minarea': 5, 'deblend_nthresh': 60, 'deblend_cont': 0.07328677709443414, 'back_size': 128, 'filter_size': 5, 'dilation_radius': 1, 'max_area': 3934, 'max_elongation': 3.9771122827212677}. Best is trial 1 with value: -0.40727736937699677.
[I 2026-07-27 19:51:47,246] Trial 3 finished with value: 18.37884007502465 and parameters: {'detect_thresh': 0.6602663687647621, 'minarea': 29, 'deblend_nthresh': 12, 'deblend_cont': 0.0010437381951813995, 'back_size': 16, 'filter_size': 1, 'dilation_radius': 5, 'max_area': 3191, 'max_elongation': 29.31639916173163}. Best is trial 1 with value: -0.40727736937699677.
[I 2026-07-27 19:51:58,301] Trial 4 finished with value: -0.5442426361634688 and parameters: {'detect_thresh': 4.697183987543565, 'minarea': 2, 'deblend_nthresh': 37, 'deblend_cont': 0.0012824423723004374, 'back_size': 192, 'filter_size': 3, 'dilation_radius': 4, 'max_area': 5598, 'max_elongation': 17.43429543281028}. Best is trial 4 with value: -0.5442426361634688.
[I 2026-07-27 19:52:16,913] Trial 5 finished with value: -0.423533180681776 and parameters: {'detect_thresh': 0.8259493601776362, 'minarea': 32, 'deblend_nthresh': 9, 'deblend_cont': 0.018208266956298978, 'back_size': 128, 'filter_size': 1, 'dilation_radius': 1, 'max_area': 3190, 'max_elongation': 17.692942098757555}. Best is trial 4 with value: -0.5442426361634688.
[I 2026-07-27 19:52:27,971] Trial 6 finished with value: -0.305625921244623 and parameters: {'detect_thresh': 4.524703976598629, 'minarea': 22, 'deblend_nthresh': 53, 'deblend_cont': 0.00017754941150072772, 'back_size': 16, 'filter_size': 3, 'dilation_radius': 2, 'max_area': 1799, 'max_elongation': 11.206368629596707}. Best is trial 4 with value: -0.5442426361634688.
[I 2026-07-27 19:52:38,482] Trial 7 finished with value: -0.3618983768362569 and parameters: {'detect_thresh': 2.829115709745431, 'minarea': 50, 'deblend_nthresh': 12, 'deblend_cont': 4.231495015178084e-05, 'back_size': 32, 'filter_size': 1, 'dilation_radius': 3, 'max_area': 5782, 'max_elongation': 16.806110507281943}. Best is trial 4 with value: -0.5442426361634688.
[I 2026-07-27 19:52:49,174] Trial 8 finished with value: -0.4169334263950257 and parameters: {'detect_thresh': 1.9522643040262304, 'minarea': 49, 'deblend_nthresh': 34, 'deblend_cont': 0.0017946429139137326, 'back_size': 192, 'filter_size': 3, 'dilation_radius': 3, 'max_area': 7932, 'max_elongation': 18.57280663410104}. Best is trial 4 with value: -0.5442426361634688.
[I 2026-07-27 19:53:03,338] Trial 9 finished with value: -0.5177466571020275 and parameters: {'detect_thresh': 1.8206939440351855, 'minarea': 13, 'deblend_nthresh': 36, 'deblend_cont': 0.004426952107397589, 'back_size': 96, 'filter_size': 7, 'dilation_radius': 4, 'max_area': 372, 'max_elongation': 23.66748395516246}. Best is trial 4 with value: -0.5442426361634688.
[I 2026-07-27 19:53:15,362] Trial 10 finished with value: -0.5035432841616975 and parameters: {'detect_thresh': 2.0100318816910394, 'minarea': 38, 'deblend_nthresh': 30, 'deblend_cont': 0.00026589974101639006, 'back_size': 256, 'filter_size': 3, 'dilation_radius': 6, 'max_area': 7963, 'max_elongation': 2.451551584559187}. Best is trial 4 with value: -0.5442426361634688.
[I 2026-07-27 19:53:29,252] Trial 11 finished with value: -0.506477495903912 and parameters: {'detect_thresh': 1.9080985450917016, 'minarea': 12, 'deblend_nthresh': 41, 'deblend_cont': 0.0053513123185744745, 'back_size': 96, 'filter_size': 7, 'dilation_radius': 4, 'max_area': 348, 'max_elongation': 22.919497860815486}. Best is trial 4 with value: -0.5442426361634688.
[I 2026-07-27 19:55:01,597] Trial 12 finished with value: 37.53778578715579 and parameters: {'detect_thresh': 0.2227542683208925, 'minarea': 12, 'deblend_nthresh': 34, 'deblend_cont': 0.005834433716389593, 'back_size': 96, 'filter_size': 7, 'dilation_radius': 4, 'max_area': 5314, 'max_elongation': 22.376950649832143}. Best is trial 4 with value: -0.5442426361634688.
[I 2026-07-27 19:55:14,116] Trial 13 finished with value: -0.3303824119724528 and parameters: {'detect_thresh': 3.9054073990438134, 'minarea': 11, 'deblend_nthresh': 27, 'deblend_cont': 0.0006240634518452721, 'back_size': 64, 'filter_size': 7, 'dilation_radius': 4, 'max_area': 153, 'max_elongation': 13.584471513244482}. Best is trial 4 with value: -0.5442426361634688.
[I 2026-07-27 19:55:26,898] Trial 14 finished with value: -0.3896355947454815 and parameters: {'detect_thresh': 2.9094648339757416, 'minarea': 18, 'deblend_nthresh': 41, 'deblend_cont': 0.006173158683821488, 'back_size': 48, 'filter_size': 9, 'dilation_radius': 3, 'max_area': 6186, 'max_elongation': 21.888962567962356}. Best is trial 4 with value: -0.5442426361634688.
[I 2026-07-27 19:55:40,288] Trial 15 finished with value: -0.5018786972244079 and parameters: {'detect_thresh': 4.987170354796677, 'minarea': 1, 'deblend_nthresh': 44, 'deblend_cont': 0.0024283707928264876, 'back_size': 96, 'filter_size': 5, 'dilation_radius': 5, 'max_area': 1515, 'max_elongation': 28.33133595916064}. Best is trial 4 with value: -0.5442426361634688.
[I 2026-07-27 19:55:56,451] Trial 16 finished with value: -0.5704716983119507 and parameters: {'detect_thresh': 1.4482674296244857, 'minarea': 11, 'deblend_nthresh': 19, 'deblend_cont': 0.00011197985742422268, 'back_size': 192, 'filter_size': 7, 'dilation_radius': 4, 'max_area': 4431, 'max_elongation': 14.483852076868116}. Best is trial 16 with value: -0.5704716983119507.
[I 2026-07-27 19:56:14,573] Trial 17 finished with value: -0.5872124303929341 and parameters: {'detect_thresh': 1.2499491057580794, 'minarea': 7, 'deblend_nthresh': 21, 'deblend_cont': 9.051742649626363e-05, 'back_size': 192, 'filter_size': 3, 'dilation_radius': 2, 'max_area': 4787, 'max_elongation': 13.326726705228964}. Best is trial 17 with value: -0.5872124303929341.
[I 2026-07-27 19:56:32,357] Trial 18 finished with value: -0.5864178302160531 and parameters: {'detect_thresh': 1.291261949509255, 'minarea': 7, 'deblend_nthresh': 20, 'deblend_cont': 7.370519964708538e-05, 'back_size': 192, 'filter_size': 3, 'dilation_radius': 2, 'max_area': 4520, 'max_elongation': 9.067689510325895}. Best is trial 17 with value: -0.5872124303929341.
[I 2026-07-27 19:56:51,116] Trial 19 finished with value: -0.5892333867630519 and parameters: {'detect_thresh': 1.2171694608190236, 'minarea': 7, 'deblend_nthresh': 20, 'deblend_cont': 1.3723647084603406e-05, 'back_size': 192, 'filter_size': 3, 'dilation_radius': 2, 'max_area': 6686, 'max_elongation': 9.388676314259511}. Best is trial 19 with value: -0.5892333867630519.
[I 2026-07-27 19:57:02,172] Trial 20 finished with value: -0.4706363806281097 and parameters: {'detect_thresh': 2.543748598591972, 'minarea': 19, 'deblend_nthresh': 25, 'deblend_cont': 1.1192121451695459e-05, 'back_size': 256, 'filter_size': 3, 'dilation_radius': 2, 'max_area': 6876, 'max_elongation': 6.1956303688565315}. Best is trial 19 with value: -0.5892333867630519.
[I 2026-07-27 19:57:21,675] Trial 21 finished with value: -0.586350974811953 and parameters: {'detect_thresh': 1.0724134429360015, 'minarea': 7, 'deblend_nthresh': 18, 'deblend_cont': 5.5587687382733187e-05, 'back_size': 192, 'filter_size': 3, 'dilation_radius': 2, 'max_area': 4593, 'max_elongation': 10.236701670966687}. Best is trial 19 with value: -0.5892333867630519.
[I 2026-07-27 19:57:37,703] Trial 22 finished with value: -0.5822183903525973 and parameters: {'detect_thresh': 1.332834041449555, 'minarea': 6, 'deblend_nthresh': 16, 'deblend_cont': 1.0968011768863555e-05, 'back_size': 192, 'filter_size': 3, 'dilation_radius': 2, 'max_area': 6988, 'max_elongation': 7.366925704721201}. Best is trial 19 with value: -0.5892333867630519.
[I 2026-07-27 19:58:37,653] Trial 23 finished with value: -0.5381463162504707 and parameters: {'detect_thresh': 0.4817748457362139, 'minarea': 16, 'deblend_nthresh': 23, 'deblend_cont': 7.219878360703595e-05, 'back_size': 192, 'filter_size': 3, 'dilation_radius': 1, 'max_area': 4834, 'max_elongation': 10.55827102781876}. Best is trial 19 with value: -0.5892333867630519.
[I 2026-07-27 19:58:54,798] Trial 24 finished with value: -0.6313900315305625 and parameters: {'detect_thresh': 1.3656660231678965, 'minarea': 7, 'deblend_nthresh': 15, 'deblend_cont': 2.2764932133448493e-05, 'back_size': 24, 'filter_size': 3, 'dilation_radius': 2, 'max_area': 6542, 'max_elongation': 13.493796748595479}. Best is trial 24 with value: -0.6313900315305625.
[I 2026-07-27 19:59:07,320] Trial 25 finished with value: -0.648373749863752 and parameters: {'detect_thresh': 2.32732266463433, 'minarea': 8, 'deblend_nthresh': 15, 'deblend_cont': 1.6022316358644498e-05, 'back_size': 24, 'filter_size': 3, 'dilation_radius': 3, 'max_area': 6652, 'max_elongation': 13.433224838376848}. Best is trial 25 with value: -0.648373749863752.
[I 2026-07-27 19:59:18,765] Trial 26 finished with value: -0.5932511139351795 and parameters: {'detect_thresh': 2.5115213115930892, 'minarea': 15, 'deblend_nthresh': 14, 'deblend_cont': 2.6364671449651722e-05, 'back_size': 24, 'filter_size': 3, 'dilation_radius': 3, 'max_area': 6750, 'max_elongation': 15.180972240506149}. Best is trial 25 with value: -0.648373749863752.
[I 2026-07-27 19:59:31,337] Trial 27 finished with value: -0.5761694578973328 and parameters: {'detect_thresh': 2.279059127703956, 'minarea': 16, 'deblend_nthresh': 13, 'deblend_cont': 2.851415915840168e-05, 'back_size': 24, 'filter_size': 5, 'dilation_radius': 3, 'max_area': 7377, 'max_elongation': 15.377160483411421}. Best is trial 25 with value: -0.648373749863752.
[I 2026-07-27 19:59:43,272] Trial 28 finished with value: -0.3824131456607218 and parameters: {'detect_thresh': 3.2602373779651863, 'minarea': 24, 'deblend_nthresh': 8, 'deblend_cont': 2.514375249321005e-05, 'back_size': 24, 'filter_size': 9, 'dilation_radius': 3, 'max_area': 6279, 'max_elongation': 20.184718227091988}. Best is trial 25 with value: -0.648373749863752.
[I 2026-07-27 19:59:55,913] Trial 29 finished with value: -0.4869387105671925 and parameters: {'detect_thresh': 2.556161711417698, 'minarea': 15, 'deblend_nthresh': 16, 'deblend_cont': 0.0003149759846384475, 'back_size': 24, 'filter_size': 9, 'dilation_radius': 3, 'max_area': 7446, 'max_elongation': 12.938177529603223}. Best is trial 25 with value: -0.648373749863752.
[I 2026-07-27 20:00:08,704] Trial 30 finished with value: -0.5824451554963233 and parameters: {'detect_thresh': 3.496301178579709, 'minarea': 3, 'deblend_nthresh': 28, 'deblend_cont': 1.922808897748278e-05, 'back_size': 24, 'filter_size': 3, 'dilation_radius': 3, 'max_area': 6259, 'max_elongation': 11.853866075550748}. Best is trial 25 with value: -0.648373749863752.
[I 2026-07-27 20:00:23,016] Trial 31 finished with value: -0.6182309069317634 and parameters: {'detect_thresh': 1.586385154942373, 'minarea': 9, 'deblend_nthresh': 14, 'deblend_cont': 1.0639918712445748e-05, 'back_size': 24, 'filter_size': 3, 'dilation_radius': 2, 'max_area': 6916, 'max_elongation': 15.08504085195138}. Best is trial 25 with value: -0.648373749863752.
[I 2026-07-27 20:00:36,447] Trial 32 finished with value: -0.5458787200928457 and parameters: {'detect_thresh': 1.7245126052309885, 'minarea': 9, 'deblend_nthresh': 14, 'deblend_cont': 3.509957163079767e-05, 'back_size': 24, 'filter_size': 3, 'dilation_radius': 1, 'max_area': 7353, 'max_elongation': 15.693136603668613}. Best is trial 25 with value: -0.648373749863752.
[I 2026-07-27 20:00:47,926] Trial 33 finished with value: -0.5213656331642428 and parameters: {'detect_thresh': 2.328731203052036, 'minarea': 20, 'deblend_nthresh': 8, 'deblend_cont': 1.8135607067031997e-05, 'back_size': 24, 'filter_size': 3, 'dilation_radius': 2, 'max_area': 6680, 'max_elongation': 19.20353930207573}. Best is trial 25 with value: -0.648373749863752.
[I 2026-07-27 20:01:02,932] Trial 34 finished with value: -0.5588923592726921 and parameters: {'detect_thresh': 1.5985737359063419, 'minarea': 4, 'deblend_nthresh': 16, 'deblend_cont': 3.973659880950254e-05, 'back_size': 24, 'filter_size': 3, 'dilation_radius': 1, 'max_area': 5985, 'max_elongation': 15.72350215194596}. Best is trial 25 with value: -0.648373749863752.
[I 2026-07-27 20:01:16,371] Trial 35 finished with value: -0.6374588081326577 and parameters: {'detect_thresh': 2.1098815238958903, 'minarea': 1, 'deblend_nthresh': 24, 'deblend_cont': 1.067535299444553e-05, 'back_size': 24, 'filter_size': 5, 'dilation_radius': 3, 'max_area': 5352, 'max_elongation': 12.245267621650733}. Best is trial 25 with value: -0.648373749863752.
[I 2026-07-27 20:01:38,842] Trial 36 finished with value: -0.6347864862512659 and parameters: {'detect_thresh': 0.966838070524225, 'minarea': 1, 'deblend_nthresh': 23, 'deblend_cont': 1.7078389507091963e-05, 'back_size': 24, 'filter_size': 5, 'dilation_radius': 2, 'max_area': 5250, 'max_elongation': 6.982998175069154}. Best is trial 25 with value: -0.648373749863752.
[I 2026-07-27 20:02:03,288] Trial 37 finished with value: -0.5885637951386968 and parameters: {'detect_thresh': 0.9399204629758039, 'minarea': 1, 'deblend_nthresh': 24, 'deblend_cont': 1.8556844750353296e-05, 'back_size': 32, 'filter_size': 5, 'dilation_radius': 1, 'max_area': 3804, 'max_elongation': 5.640207895649677}. Best is trial 25 with value: -0.648373749863752.
[I 2026-07-27 20:02:17,873] Trial 38 finished with value: -0.6235676623751027 and parameters: {'detect_thresh': 2.1406022027572664, 'minarea': 4, 'deblend_nthresh': 31, 'deblend_cont': 0.00011467439673636747, 'back_size': 48, 'filter_size': 5, 'dilation_radius': 5, 'max_area': 5473, 'max_elongation': 4.739967953686543}. Best is trial 25 with value: -0.648373749863752.
[I 2026-07-27 20:02:57,590] Trial 39 finished with value: 14.891541882879283 and parameters: {'detect_thresh': 0.6763174349827807, 'minarea': 1, 'deblend_nthresh': 63, 'deblend_cont': 5.02552725801515e-05, 'back_size': 128, 'filter_size': 5, 'dilation_radius': 3, 'max_area': 3905, 'max_elongation': 7.615881843830514}. Best is trial 25 with value: -0.648373749863752.
